<?xml version="1.0" encoding="UTF-8"?>
<coverage generated="1680208905252" clover="3.2.0">
  <project timestamp="1680208905252" name="All files">
    <metrics statements="17" coveredstatements="9" conditionals="8" coveredconditionals="0" methods="2" coveredmethods="1" elements="27" coveredelements="10" complexity="0" loc="17" ncloc="17" packages="2" files="2" classes="2"/>
    <package name="error">
      <metrics statements="7" coveredstatements="1" conditionals="6" coveredconditionals="0" methods="1" coveredmethods="0"/>
      <file name="AppError.js" path="C:\tools\repo\custom-error-code-postgres-with-nodejs\src\error\AppError.js">
        <metrics statements="7" coveredstatements="1" conditionals="6" coveredconditionals="0" methods="1" coveredmethods="0"/>
        <line num="3" count="0" type="stmt"/>
        <line num="4" count="0" type="cond" truecount="0" falsecount="2"/>
        <line num="5" count="0" type="stmt"/>
        <line num="6" count="0" type="stmt"/>
        <line num="7" count="0" type="stmt"/>
        <line num="8" count="0" type="stmt"/>
        <line num="12" count="1" type="stmt"/>
      </file>
    </package>
    <package name="functions">
      <metrics statements="10" coveredstatements="8" conditionals="2" coveredconditionals="0" methods="1" coveredmethods="1"/>
      <file name="createProduct.js" path="C:\tools\repo\custom-error-code-postgres-with-nodejs\src\functions\createProduct.js">
        <metrics statements="10" coveredstatements="8" conditionals="2" coveredconditionals="0" methods="1" coveredmethods="1"/>
        <line num="1" count="1" type="stmt"/>
        <line num="2" count="1" type="stmt"/>
        <line num="3" count="1" type="stmt"/>
        <line num="6" count="1" type="stmt"/>
        <line num="7" count="1" type="stmt"/>
        <line num="17" count="1" type="stmt"/>
        <line num="27" count="1" type="stmt"/>
        <line num="29" count="0" type="stmt"/>
        <line num="30" count="0" type="cond" truecount="0" falsecount="2"/>
        <line num="34" count="1" type="stmt"/>
      </file>
    </package>
  </project>
</coverage>
