{"C:\\tools\\repo\\custom-error-code-postgres-with-nodejs\\src\\error\\AppError.js": {"path":"C:\\tools\\repo\\custom-error-code-postgres-with-nodejs\\src\\error\\AppError.js","statementMap":{"0":{"start":{"line":3,"column":6},"end":{"line":3,"column":14}},"1":{"start":{"line":4,"column":6},"end":{"line":4,"column":58}},"2":{"start":{"line":4,"column":27},"end":{"line":4,"column":58}},"3":{"start":{"line":5,"column":6},"end":{"line":5,"column":28}},"4":{"start":{"line":6,"column":6},"end":{"line":6,"column":29}},"5":{"start":{"line":7,"column":6},"end":{"line":7,"column":36}},"6":{"start":{"line":8,"column":6},"end":{"line":8,"column":23}},"7":{"start":{"line":12,"column":2},"end":{"line":12,"column":28}}},"fnMap":{"0":{"name":"(anonymous_0)","decl":{"start":{"line":2,"column":4},"end":{"line":2,"column":5}},"loc":{"start":{"line":2,"column":94},"end":{"line":9,"column":5}},"line":2}},"branchMap":{"0":{"loc":{"start":{"line":2,"column":16},"end":{"line":2,"column":92}},"type":"default-arg","locations":[{"start":{"line":2,"column":90},"end":{"line":2,"column":92}}],"line":2},"1":{"loc":{"start":{"line":2,"column":27},"end":{"line":2,"column":41}},"type":"default-arg","locations":[{"start":{"line":2,"column":39},"end":{"line":2,"column":41}}],"line":2},"2":{"loc":{"start":{"line":2,"column":43},"end":{"line":2,"column":59}},"type":"default-arg","locations":[{"start":{"line":2,"column":56},"end":{"line":2,"column":59}}],"line":2},"3":{"loc":{"start":{"line":2,"column":61},"end":{"line":2,"column":70}},"type":"default-arg","locations":[{"start":{"line":2,"column":68},"end":{"line":2,"column":70}}],"line":2},"4":{"loc":{"start":{"line":4,"column":6},"end":{"line":4,"column":58}},"type":"if","locations":[{"start":{"line":4,"column":6},"end":{"line":4,"column":58}},{"start":{},"end":{}}],"line":4}},"s":{"0":0,"1":0,"2":0,"3":0,"4":0,"5":0,"6":0,"7":1},"f":{"0":0},"b":{"0":[0],"1":[0],"2":[0],"3":[0],"4":[0,0]},"_coverageSchema":"1a1c01bbd47fc00a2c39e90264f33305004495a9","hash":"11af217b341120d5cef498323efe213ff59925b2"}
,"C:\\tools\\repo\\custom-error-code-postgres-with-nodejs\\src\\functions\\createProduct.js": {"path":"C:\\tools\\repo\\custom-error-code-postgres-with-nodejs\\src\\functions\\createProduct.js","statementMap":{"0":{"start":{"line":1,"column":23},"end":{"line":1,"column":43}},"1":{"start":{"line":2,"column":17},"end":{"line":2,"column":45}},"2":{"start":{"line":3,"column":0},"end":{"line":3,"column":27}},"3":{"start":{"line":6,"column":2},"end":{"line":31,"column":3}},"4":{"start":{"line":7,"column":22},"end":{"line":16,"column":6}},"5":{"start":{"line":17,"column":19},"end":{"line":26,"column":5}},"6":{"start":{"line":27,"column":4},"end":{"line":27,"column":24}},"7":{"start":{"line":29,"column":21},"end":{"line":29,"column":33}},"8":{"start":{"line":30,"column":4},"end":{"line":30,"column":116}},"9":{"start":{"line":34,"column":0},"end":{"line":34,"column":31}}},"fnMap":{"0":{"name":"createProduct","decl":{"start":{"line":5,"column":15},"end":{"line":5,"column":28}},"loc":{"start":{"line":5,"column":69},"end":{"line":32,"column":1}},"line":5}},"branchMap":{"0":{"loc":{"start":{"line":30,"column":78},"end":{"line":30,"column":112}},"type":"cond-expr","locations":[{"start":{"line":30,"column":97},"end":{"line":30,"column":100}},{"start":{"line":30,"column":103},"end":{"line":30,"column":112}}],"line":30}},"s":{"0":1,"1":1,"2":1,"3":1,"4":1,"5":1,"6":1,"7":0,"8":0,"9":1},"f":{"0":1},"b":{"0":[0,0]},"_coverageSchema":"1a1c01bbd47fc00a2c39e90264f33305004495a9","hash":"804c7dee2a687874594a7a847400aaccd34ee7b7"}
}
